<?xml version="1.0" encoding="UTF-8"?>
<!-- Generated by org.testng.reporters.JUnitReportReporter -->
<testsuite hostname="Yatin" failures="0" tests="1" name="CarLoan$Car_loan" time="0.012" errors="0" timestamp="2023-02-27T20:46:03 EST" skipped="0">
  <testcase classname="CarLoan$Car_loan" name="car_loan" time="0.012"/>
  <system-out/>
</testsuite> <!-- CarLoan$Car_loan -->
