<?xml version="1.0" encoding="UTF-8"?>
<!-- Generated by org.testng.reporters.JUnitReportReporter -->
<testsuite hostname="Yatin" failures="0" tests="1" name="FirstTestNg" time="0.012" errors="0" timestamp="2023-04-03T07:45:59 EDT" skipped="0">
  <testcase classname="FirstTestNg" name="myFirstNg" time="0.012"/>
  <system-out/>
</testsuite> <!-- FirstTestNg -->
