<?xml version="1.0" encoding="UTF-8"?>
<!-- Generated by org.testng.reporters.JUnitReportReporter -->
<testsuite hostname="Yatin" failures="0" tests="1" name="PersonalLoan$Personal_loan" time="0.007" errors="0" timestamp="2023-02-27T22:20:44 EST" skipped="0">
  <testcase classname="PersonalLoan$Personal_loan" name="personal_loan" time="0.007"/>
  <system-out/>
</testsuite> <!-- PersonalLoan$Personal_loan -->
