<?xml version="1.0" encoding="UTF-8"?>
<!-- Generated by org.testng.reporters.JUnitReportReporter -->
<testsuite hostname="Yatin" failures="0" tests="1" name="SecondTestNg" time="0.023" errors="0" timestamp="2023-04-03T07:46:19 EDT" skipped="0">
  <testcase classname="SecondTestNg" name="myFirstNg" time="0.023"/>
  <system-out/>
</testsuite> <!-- SecondTestNg -->
