<?xml version="1.0" encoding="UTF-8"?>
<!-- Generated by org.testng.reporters.JUnitReportReporter -->
<testsuite hostname="Yatin" failures="0" tests="2" name="TestNgBasics" time="0.008" errors="0" timestamp="2023-04-03T10:08:01 EDT" skipped="0">
  <testcase classname="TestNgBasics" name="detectmousemovement" time="0.006"/>
  <system-out/>
  <testcase classname="TestNgBasics" name="testpage" time="0.002"/>
  <system-out/>
</testsuite> <!-- TestNgBasics -->
