<?xml version="1.0" encoding="UTF-8"?>
<!-- Generated by org.testng.reporters.JUnitReportReporter -->
<testsuite hostname="Yatin" failures="0" tests="1" name="SecondNg" time="0.012" errors="0" timestamp="2023-02-27T22:24:04 EST" skipped="0">
  <testcase classname="SecondNg" name="Secondng" time="0.012"/>
  <system-out/>
</testsuite> <!-- SecondNg -->
