<?xml version="1.0" encoding="UTF-8"?>
<!-- Generated by org.testng.reporters.JUnitReportReporter -->
<testsuite hostname="Yatin" failures="0" tests="1" name="HomeLoan$Home_loan" time="0.015" errors="0" timestamp="2023-02-27T20:54:49 EST" skipped="0">
  <testcase classname="HomeLoan$Home_loan" name="home_loan" time="0.015"/>
  <system-out/>
</testsuite> <!-- HomeLoan$Home_loan -->
